[2025-07-01 15:16:59] [INFO] Iniciando Godofreda API...
[2025-07-01 15:17:00] [INFO] Validando ambiente...
[2025-07-01 15:17:00] [INFO] Ambiente validado com sucesso
[2025-07-01 15:17:00] [INFO] Validando dependências...
[2025-07-01 15:17:02] [INFO] Dependências validadas com sucesso
[2025-07-01 15:17:02] [INFO] Configuração: HOST=0.0.0.0, PORT=8000, WORKERS=1, LOG_LEVEL=INFO
[2025-07-01 15:17:02] [INFO] Iniciando servidor FastAPI...
[2025-07-01 15:17:02] [INFO] Servidor iniciado com PID: 32
[2025-07-01 15:17:03] [INFO] Iniciando Godofreda API...
[2025-07-01 15:17:03] [INFO] Validando ambiente...
[2025-07-01 15:17:03] [INFO] Ambiente validado com sucesso
[2025-07-01 15:17:03] [INFO] Validando dependências...
[2025-07-01 15:17:04] [INFO] Dependências validadas com sucesso
[2025-07-01 15:17:04] [INFO] Configuração: HOST=0.0.0.0, PORT=8000, WORKERS=1, LOG_LEVEL=INFO
[2025-07-01 15:17:04] [INFO] Iniciando servidor FastAPI...
[2025-07-01 15:17:04] [INFO] Servidor iniciado com PID: 31
[2025-07-01 15:17:09] [INFO] Iniciando Godofreda API...
[2025-07-01 15:17:09] [INFO] Validando ambiente...
[2025-07-01 15:17:09] [INFO] Ambiente validado com sucesso
[2025-07-01 15:17:09] [INFO] Validando dependências...
[2025-07-01 15:17:11] [INFO] Dependências validadas com sucesso
[2025-07-01 15:17:11] [INFO] Configuração: HOST=0.0.0.0, PORT=8000, WORKERS=1, LOG_LEVEL=INFO
[2025-07-01 15:17:11] [INFO] Iniciando servidor FastAPI...
[2025-07-01 15:17:11] [INFO] Servidor iniciado com PID: 32
[2025-07-01 15:17:12] [INFO] Iniciando Godofreda API...
[2025-07-01 15:17:12] [INFO] Validando ambiente...
[2025-07-01 15:17:12] [INFO] Ambiente validado com sucesso
[2025-07-01 15:17:12] [INFO] Validando dependências...
[2025-07-01 15:17:13] [INFO] Dependências validadas com sucesso
[2025-07-01 15:17:13] [INFO] Configuração: HOST=0.0.0.0, PORT=8000, WORKERS=1, LOG_LEVEL=INFO
[2025-07-01 15:17:13] [INFO] Iniciando servidor FastAPI...
[2025-07-01 15:17:13] [INFO] Servidor iniciado com PID: 32
[2025-07-01 15:17:15] [INFO] Iniciando Godofreda API...
[2025-07-01 15:17:15] [INFO] Validando ambiente...
[2025-07-01 15:17:15] [INFO] Ambiente validado com sucesso
[2025-07-01 15:17:15] [INFO] Validando dependências...
[2025-07-01 15:17:16] [INFO] Dependências validadas com sucesso
[2025-07-01 15:17:16] [INFO] Configuração: HOST=0.0.0.0, PORT=8000, WORKERS=1, LOG_LEVEL=INFO
[2025-07-01 15:17:16] [INFO] Iniciando servidor FastAPI...
[2025-07-01 15:17:16] [INFO] Servidor iniciado com PID: 32
[2025-07-01 15:17:18] [INFO] Iniciando Godofreda API...
[2025-07-01 15:17:18] [INFO] Validando ambiente...
[2025-07-01 15:17:18] [INFO] Ambiente validado com sucesso
[2025-07-01 15:17:18] [INFO] Validando dependências...
[2025-07-01 15:17:20] [INFO] Dependências validadas com sucesso
[2025-07-01 15:17:20] [INFO] Configuração: HOST=0.0.0.0, PORT=8000, WORKERS=1, LOG_LEVEL=INFO
[2025-07-01 15:17:20] [INFO] Iniciando servidor FastAPI...
[2025-07-01 15:17:20] [INFO] Servidor iniciado com PID: 32
[2025-07-01 15:17:24] [INFO] Iniciando Godofreda API...
[2025-07-01 15:17:24] [INFO] Validando ambiente...
[2025-07-01 15:17:24] [INFO] Ambiente validado com sucesso
[2025-07-01 15:17:24] [INFO] Validando dependências...
[2025-07-01 15:17:26] [INFO] Dependências validadas com sucesso
[2025-07-01 15:17:26] [INFO] Configuração: HOST=0.0.0.0, PORT=8000, WORKERS=1, LOG_LEVEL=INFO
[2025-07-01 15:17:26] [INFO] Iniciando servidor FastAPI...
[2025-07-01 15:17:26] [INFO] Servidor iniciado com PID: 32
[2025-07-01 15:17:44] [INFO] Iniciando Godofreda API...
[2025-07-01 15:17:44] [INFO] Validando ambiente...
[2025-07-01 15:17:44] [INFO] Ambiente validado com sucesso
[2025-07-01 15:17:44] [INFO] Validando dependências...
[2025-07-01 15:17:46] [INFO] Dependências validadas com sucesso
[2025-07-01 15:17:46] [INFO] Configuração: HOST=0.0.0.0, PORT=8000, WORKERS=1, LOG_LEVEL=info
[2025-07-01 15:17:46] [INFO] Iniciando servidor FastAPI...
[2025-07-01 15:17:46] [INFO] Servidor iniciado com PID: 35
[2025-07-01 15:17:47] [INFO] Iniciando Godofreda API...
[2025-07-01 15:17:47] [INFO] Validando ambiente...
[2025-07-01 15:17:47] [INFO] Ambiente validado com sucesso
[2025-07-01 15:17:47] [INFO] Validando dependências...
[2025-07-01 15:17:49] [INFO] Dependências validadas com sucesso
[2025-07-01 15:17:49] [INFO] Configuração: HOST=0.0.0.0, PORT=8000, WORKERS=1, LOG_LEVEL=info
[2025-07-01 15:17:49] [INFO] Iniciando servidor FastAPI...
[2025-07-01 15:17:49] [INFO] Servidor iniciado com PID: 35
[2025-07-01 15:17:51] [INFO] Iniciando Godofreda API...
[2025-07-01 15:17:51] [INFO] Validando ambiente...
[2025-07-01 15:17:51] [INFO] Ambiente validado com sucesso
[2025-07-01 15:17:51] [INFO] Validando dependências...
[2025-07-01 15:17:55] [INFO] Dependências validadas com sucesso
[2025-07-01 15:17:55] [INFO] Configuração: HOST=0.0.0.0, PORT=8000, WORKERS=1, LOG_LEVEL=info
[2025-07-01 15:17:55] [INFO] Iniciando servidor FastAPI...
[2025-07-01 15:17:55] [INFO] Servidor iniciado com PID: 35
[2025-07-01 15:17:57] [INFO] Iniciando Godofreda API...
[2025-07-01 15:17:57] [INFO] Validando ambiente...
[2025-07-01 15:17:57] [INFO] Ambiente validado com sucesso
[2025-07-01 15:17:57] [INFO] Validando dependências...
[2025-07-01 15:18:00] [INFO] Dependências validadas com sucesso
[2025-07-01 15:18:00] [INFO] Configuração: HOST=0.0.0.0, PORT=8000, WORKERS=1, LOG_LEVEL=info
[2025-07-01 15:18:00] [INFO] Iniciando servidor FastAPI...
[2025-07-01 15:18:00] [INFO] Servidor iniciado com PID: 35
[2025-07-01 15:18:02] [INFO] Iniciando Godofreda API...
[2025-07-01 15:18:02] [INFO] Validando ambiente...
[2025-07-01 15:18:02] [INFO] Ambiente validado com sucesso
[2025-07-01 15:18:02] [INFO] Validando dependências...
[2025-07-01 15:18:03] [INFO] Dependências validadas com sucesso
[2025-07-01 15:18:03] [INFO] Configuração: HOST=0.0.0.0, PORT=8000, WORKERS=1, LOG_LEVEL=info
[2025-07-01 15:18:03] [INFO] Iniciando servidor FastAPI...
[2025-07-01 15:18:03] [INFO] Servidor iniciado com PID: 35
[2025-07-01 15:18:06] [INFO] Iniciando Godofreda API...
[2025-07-01 15:18:06] [INFO] Validando ambiente...
[2025-07-01 15:18:06] [INFO] Ambiente validado com sucesso
[2025-07-01 15:18:06] [INFO] Validando dependências...
[2025-07-01 15:18:07] [INFO] Dependências validadas com sucesso
[2025-07-01 15:18:07] [INFO] Configuração: HOST=0.0.0.0, PORT=8000, WORKERS=1, LOG_LEVEL=info
[2025-07-01 15:18:07] [INFO] Iniciando servidor FastAPI...
[2025-07-01 15:18:07] [INFO] Servidor iniciado com PID: 34
[2025-07-01 15:18:11] [INFO] Iniciando Godofreda API...
[2025-07-01 15:18:11] [INFO] Validando ambiente...
[2025-07-01 15:18:11] [INFO] Ambiente validado com sucesso
[2025-07-01 15:18:11] [INFO] Validando dependências...
[2025-07-01 15:18:16] [INFO] Dependências validadas com sucesso
[2025-07-01 15:18:16] [INFO] Configuração: HOST=0.0.0.0, PORT=8000, WORKERS=1, LOG_LEVEL=info
[2025-07-01 15:18:16] [INFO] Iniciando servidor FastAPI...
[2025-07-01 15:18:16] [INFO] Servidor iniciado com PID: 36
[2025-07-01 15:18:24] [INFO] Iniciando Godofreda API...
[2025-07-01 15:18:24] [INFO] Validando ambiente...
[2025-07-01 15:18:24] [INFO] Ambiente validado com sucesso
[2025-07-01 15:18:24] [INFO] Validando dependências...
[2025-07-01 15:18:25] [INFO] Dependências validadas com sucesso
[2025-07-01 15:18:25] [INFO] Configuração: HOST=0.0.0.0, PORT=8000, WORKERS=1, LOG_LEVEL=info
[2025-07-01 15:18:25] [INFO] Iniciando servidor FastAPI...
[2025-07-01 15:18:25] [INFO] Servidor iniciado com PID: 35
[2025-07-01 15:18:38] [INFO] Iniciando Godofreda API...
[2025-07-01 15:18:38] [INFO] Validando ambiente...
[2025-07-01 15:18:38] [INFO] Ambiente validado com sucesso
[2025-07-01 15:18:38] [INFO] Validando dependências...
[2025-07-01 15:18:40] [INFO] Dependências validadas com sucesso
[2025-07-01 15:18:40] [INFO] Configuração: HOST=0.0.0.0, PORT=8000, WORKERS=1, LOG_LEVEL=info
[2025-07-01 15:18:40] [INFO] Iniciando servidor FastAPI...
[2025-07-01 15:18:40] [INFO] Servidor iniciado com PID: 35
[2025-07-01 15:19:11] [INFO] Iniciando Godofreda API...
[2025-07-01 15:19:11] [INFO] Validando ambiente...
[2025-07-01 15:19:11] [INFO] Ambiente validado com sucesso
[2025-07-01 15:19:11] [INFO] Validando dependências...
[2025-07-01 15:19:13] [INFO] Dependências validadas com sucesso
[2025-07-01 15:19:13] [INFO] Configuração: HOST=0.0.0.0, PORT=8000, WORKERS=1, LOG_LEVEL=info
[2025-07-01 15:19:13] [INFO] Iniciando servidor FastAPI...
[2025-07-01 15:19:13] [INFO] Servidor iniciado com PID: 35
[2025-07-01 15:19:49] [INFO] Iniciando Godofreda API...
[2025-07-01 15:19:49] [INFO] Validando ambiente...
[2025-07-01 15:19:49] [INFO] Ambiente validado com sucesso
[2025-07-01 15:19:49] [INFO] Validando dependências...
[2025-07-01 15:19:50] [INFO] Dependências validadas com sucesso
[2025-07-01 15:19:50] [INFO] Configuração: HOST=0.0.0.0, PORT=8000, WORKERS=1, LOG_LEVEL=info
[2025-07-01 15:19:50] [INFO] Iniciando servidor FastAPI...
[2025-07-01 15:19:50] [INFO] Servidor iniciado com PID: 35
[2025-07-01 15:20:19] [INFO] Iniciando Godofreda API...
[2025-07-01 15:20:19] [INFO] Validando ambiente...
[2025-07-01 15:20:19] [INFO] Ambiente validado com sucesso
[2025-07-01 15:20:19] [INFO] Validando dependências...
[2025-07-01 15:20:21] [INFO] Dependências validadas com sucesso
[2025-07-01 15:20:21] [INFO] Configuração: HOST=0.0.0.0, PORT=8000, WORKERS=1, LOG_LEVEL=info
[2025-07-01 15:20:21] [INFO] Iniciando servidor FastAPI...
[2025-07-01 15:20:21] [INFO] Servidor iniciado com PID: 35
[2025-07-01 15:20:57] [INFO] Recebido sinal de shutdown, finalizando graciosamente...
[2025-07-01 15:20:57] [INFO] Parando servidor (PID: 35)...
[2025-07-01 15:21:02] [INFO] Iniciando Godofreda API...
[2025-07-01 15:21:02] [INFO] Validando ambiente...
[2025-07-01 15:21:02] [INFO] Ambiente validado com sucesso
[2025-07-01 15:21:02] [INFO] Validando dependências...
[2025-07-01 15:21:04] [INFO] Dependências validadas com sucesso
[2025-07-01 15:21:04] [INFO] Configuração: HOST=0.0.0.0, PORT=8000, WORKERS=1, LOG_LEVEL=info
[2025-07-01 15:21:04] [INFO] Iniciando servidor FastAPI...
[2025-07-01 15:21:04] [INFO] Servidor iniciado com PID: 35
[2025-07-01 15:21:40] [INFO] Iniciando Godofreda API...
[2025-07-01 15:21:40] [INFO] Validando ambiente...
[2025-07-01 15:21:40] [INFO] Ambiente validado com sucesso
[2025-07-01 15:21:40] [INFO] Validando dependências...
[2025-07-01 15:21:42] [INFO] Dependências validadas com sucesso
[2025-07-01 15:21:42] [INFO] Configuração: HOST=0.0.0.0, PORT=8000, WORKERS=1, LOG_LEVEL=info
[2025-07-01 15:21:42] [INFO] Iniciando servidor FastAPI...
[2025-07-01 15:21:42] [INFO] Servidor iniciado com PID: 35
[2025-07-01 15:22:17] [INFO] Iniciando Godofreda API...
[2025-07-01 15:22:17] [INFO] Validando ambiente...
[2025-07-01 15:22:17] [INFO] Ambiente validado com sucesso
[2025-07-01 15:22:17] [INFO] Validando dependências...
[2025-07-01 15:22:18] [INFO] Dependências validadas com sucesso
[2025-07-01 15:22:18] [INFO] Configuração: HOST=0.0.0.0, PORT=8000, WORKERS=1, LOG_LEVEL=info
[2025-07-01 15:22:18] [INFO] Iniciando servidor FastAPI...
[2025-07-01 15:22:18] [INFO] Servidor iniciado com PID: 35
[2025-07-01 15:22:36] [INFO] Recebido sinal de shutdown, finalizando graciosamente...
[2025-07-01 15:22:36] [INFO] Parando servidor (PID: 35)...
[2025-07-01 15:22:54] [INFO] Iniciando Godofreda API...
[2025-07-01 15:22:54] [INFO] Validando ambiente...
[2025-07-01 15:22:54] [INFO] Ambiente validado com sucesso
[2025-07-01 15:22:54] [INFO] Validando dependências...
[2025-07-01 15:22:55] [INFO] Dependências validadas com sucesso
[2025-07-01 15:22:55] [INFO] Configuração: HOST=0.0.0.0, PORT=8000, WORKERS=1, LOG_LEVEL=info
[2025-07-01 15:22:55] [INFO] Iniciando servidor FastAPI...
[2025-07-01 15:22:55] [INFO] Servidor iniciado com PID: 34
[2025-07-01 15:23:28] [INFO] Iniciando Godofreda API...
[2025-07-01 15:23:28] [INFO] Validando ambiente...
[2025-07-01 15:23:28] [INFO] Ambiente validado com sucesso
[2025-07-01 15:23:28] [INFO] Validando dependências...
[2025-07-01 15:23:30] [INFO] Dependências validadas com sucesso
[2025-07-01 15:23:30] [INFO] Configuração: HOST=0.0.0.0, PORT=8000, WORKERS=1, LOG_LEVEL=info
[2025-07-01 15:23:30] [INFO] Iniciando servidor FastAPI...
[2025-07-01 15:23:30] [INFO] Servidor iniciado com PID: 35
[2025-07-01 15:23:53] [INFO] Recebido sinal de shutdown, finalizando graciosamente...
[2025-07-01 15:23:53] [INFO] Parando servidor (PID: 35)...
[2025-07-01 15:24:08] [INFO] Iniciando Godofreda API...
[2025-07-01 15:24:08] [INFO] Validando ambiente...
[2025-07-01 15:24:08] [INFO] Ambiente validado com sucesso
[2025-07-01 15:24:08] [INFO] Validando dependências...
[2025-07-01 15:24:09] [INFO] Dependências validadas com sucesso
[2025-07-01 15:24:09] [INFO] Configuração: HOST=0.0.0.0, PORT=8000, WORKERS=1, LOG_LEVEL=info
[2025-07-01 15:24:09] [INFO] Iniciando servidor FastAPI...
[2025-07-01 15:24:09] [INFO] Servidor iniciado com PID: 36
[2025-07-01 15:44:23] [INFO] Recebido sinal de shutdown, finalizando graciosamente...
[2025-07-01 15:44:23] [INFO] Parando servidor (PID: 36)...
[2025-07-01 15:44:56] [INFO] Iniciando Godofreda API...
[2025-07-01 15:44:56] [INFO] Validando ambiente...
[2025-07-01 15:44:56] [INFO] Ambiente validado com sucesso
[2025-07-01 15:44:56] [INFO] Validando dependências...
[2025-07-01 15:44:59] [INFO] Dependências validadas com sucesso
[2025-07-01 15:44:59] [INFO] Configuração: HOST=0.0.0.0, PORT=8000, WORKERS=1, LOG_LEVEL=info
[2025-07-01 15:44:59] [INFO] Iniciando servidor FastAPI...
[2025-07-01 15:44:59] [INFO] Servidor iniciado com PID: 35
[2025-07-01 15:56:42] [INFO] Recebido sinal de shutdown, finalizando graciosamente...
[2025-07-01 15:56:42] [INFO] Parando servidor (PID: 35)...
[2025-07-01 15:56:53] [INFO] Iniciando Godofreda API...
[2025-07-01 15:56:53] [INFO] Validando ambiente...
[2025-07-01 15:56:54] [INFO] Ambiente validado com sucesso
[2025-07-01 15:56:54] [INFO] Validando dependências...
[2025-07-01 15:56:56] [INFO] Dependências validadas com sucesso
[2025-07-01 15:56:56] [INFO] Configuração: HOST=0.0.0.0, PORT=8000, WORKERS=1, LOG_LEVEL=info
[2025-07-01 15:56:56] [INFO] Iniciando servidor FastAPI...
[2025-07-01 15:56:56] [INFO] Servidor iniciado com PID: 35
[2025-07-01 15:58:25] [INFO] Recebido sinal de shutdown, finalizando graciosamente...
[2025-07-01 15:58:25] [INFO] Parando servidor (PID: 35)...
[2025-07-01 15:58:55] [INFO] Iniciando Godofreda API...
[2025-07-01 15:58:55] [INFO] Validando ambiente...
[2025-07-01 15:58:55] [INFO] Ambiente validado com sucesso
[2025-07-01 15:58:55] [INFO] Validando dependências...
[2025-07-01 15:58:57] [INFO] Dependências validadas com sucesso
[2025-07-01 15:58:57] [INFO] Configuração: HOST=0.0.0.0, PORT=8000, WORKERS=1, LOG_LEVEL=info
[2025-07-01 15:58:57] [INFO] Iniciando servidor FastAPI...
[2025-07-01 15:58:57] [INFO] Servidor iniciado com PID: 35
[2025-07-01 16:01:46] [INFO] Recebido sinal de shutdown, finalizando graciosamente...
[2025-07-01 16:01:46] [INFO] Parando servidor (PID: 35)...
[2025-07-01 16:02:05] [INFO] Iniciando Godofreda API...
[2025-07-01 16:02:06] [INFO] Validando ambiente...
[2025-07-01 16:02:06] [INFO] Ambiente validado com sucesso
[2025-07-01 16:02:06] [INFO] Validando dependências...
[2025-07-01 16:02:12] [INFO] Dependências validadas com sucesso
[2025-07-01 16:02:12] [INFO] Configuração: HOST=0.0.0.0, PORT=8000, WORKERS=1, LOG_LEVEL=info
[2025-07-01 16:02:12] [INFO] Iniciando servidor FastAPI...
[2025-07-01 16:02:12] [INFO] Servidor iniciado com PID: 35
[2025-07-01 16:03:42] [INFO] Recebido sinal de shutdown, finalizando graciosamente...
[2025-07-01 16:03:42] [INFO] Parando servidor (PID: 35)...
[2025-07-01 16:04:07] [INFO] Iniciando Godofreda API...
[2025-07-01 16:04:07] [INFO] Validando ambiente...
[2025-07-01 16:04:07] [INFO] Ambiente validado com sucesso
[2025-07-01 16:04:07] [INFO] Validando dependências...
[2025-07-01 16:04:09] [INFO] Dependências validadas com sucesso
[2025-07-01 16:04:09] [INFO] Configuração: HOST=0.0.0.0, PORT=8000, WORKERS=1, LOG_LEVEL=info
[2025-07-01 16:04:09] [INFO] Iniciando servidor FastAPI...
[2025-07-01 16:04:09] [INFO] Servidor iniciado com PID: 36
[2025-07-01 16:25:17] [INFO] Recebido sinal de shutdown, finalizando graciosamente...
[2025-07-01 16:25:17] [INFO] Parando servidor (PID: 36)...
[2025-07-01 16:49:32] [INFO] Iniciando Godofreda API...
[2025-07-01 16:49:32] [INFO] Validando ambiente...
[2025-07-01 16:49:32] [INFO] Ambiente validado com sucesso
[2025-07-01 16:49:32] [INFO] Validando dependências...
[2025-07-01 16:49:34] [INFO] Dependências validadas com sucesso
[2025-07-01 16:49:34] [INFO] Configuração: HOST=0.0.0.0, PORT=8000, WORKERS=1, LOG_LEVEL=info
[2025-07-01 16:49:34] [INFO] Iniciando servidor FastAPI...
[2025-07-01 16:49:34] [INFO] Servidor iniciado com PID: 35
[2025-07-01 16:50:10] [INFO] Iniciando Godofreda API...
[2025-07-01 16:50:10] [INFO] Validando ambiente...
[2025-07-01 16:50:10] [INFO] Ambiente validado com sucesso
[2025-07-01 16:50:10] [INFO] Validando dependências...
[2025-07-01 16:50:11] [INFO] Dependências validadas com sucesso
[2025-07-01 16:50:11] [INFO] Configuração: HOST=0.0.0.0, PORT=8000, WORKERS=1, LOG_LEVEL=info
[2025-07-01 16:50:11] [INFO] Iniciando servidor FastAPI...
[2025-07-01 16:50:11] [INFO] Servidor iniciado com PID: 35
[2025-07-01 16:50:37] [INFO] Iniciando Godofreda API...
[2025-07-01 16:50:37] [INFO] Validando ambiente...
[2025-07-01 16:50:37] [INFO] Ambiente validado com sucesso
[2025-07-01 16:50:37] [INFO] Validando dependências...
[2025-07-01 16:50:38] [INFO] Dependências validadas com sucesso
[2025-07-01 16:50:38] [INFO] Configuração: HOST=0.0.0.0, PORT=8000, WORKERS=1, LOG_LEVEL=info
[2025-07-01 16:50:38] [INFO] Iniciando servidor FastAPI...
[2025-07-01 16:50:38] [INFO] Servidor iniciado com PID: 35
[2025-07-01 16:50:56] [INFO] Iniciando Godofreda API...
[2025-07-01 16:50:56] [INFO] Validando ambiente...
[2025-07-01 16:50:56] [INFO] Ambiente validado com sucesso
[2025-07-01 16:50:56] [INFO] Validando dependências...
[2025-07-01 16:51:05] [INFO] Dependências validadas com sucesso
[2025-07-01 16:51:05] [INFO] Configuração: HOST=0.0.0.0, PORT=8000, WORKERS=1, LOG_LEVEL=info
[2025-07-01 16:51:05] [INFO] Iniciando servidor FastAPI...
[2025-07-01 16:51:05] [INFO] Servidor iniciado com PID: 35
[2025-07-01 16:51:26] [INFO] Iniciando Godofreda API...
[2025-07-01 16:51:26] [INFO] Validando ambiente...
[2025-07-01 16:51:26] [INFO] Ambiente validado com sucesso
[2025-07-01 16:51:26] [INFO] Validando dependências...
[2025-07-01 16:51:27] [INFO] Dependências validadas com sucesso
[2025-07-01 16:51:27] [INFO] Configuração: HOST=0.0.0.0, PORT=8000, WORKERS=1, LOG_LEVEL=info
[2025-07-01 16:51:27] [INFO] Iniciando servidor FastAPI...
[2025-07-01 16:51:27] [INFO] Servidor iniciado com PID: 35
[2025-07-01 16:51:53] [INFO] Iniciando Godofreda API...
[2025-07-01 16:51:53] [INFO] Validando ambiente...
[2025-07-01 16:51:53] [INFO] Ambiente validado com sucesso
[2025-07-01 16:51:53] [INFO] Validando dependências...
[2025-07-01 16:51:54] [INFO] Dependências validadas com sucesso
[2025-07-01 16:51:54] [INFO] Configuração: HOST=0.0.0.0, PORT=8000, WORKERS=1, LOG_LEVEL=info
[2025-07-01 16:51:54] [INFO] Iniciando servidor FastAPI...
[2025-07-01 16:51:54] [INFO] Servidor iniciado com PID: 35
[2025-07-01 16:52:21] [INFO] Iniciando Godofreda API...
[2025-07-01 16:52:21] [INFO] Validando ambiente...
[2025-07-01 16:52:21] [INFO] Ambiente validado com sucesso
[2025-07-01 16:52:21] [INFO] Validando dependências...
[2025-07-01 16:52:22] [INFO] Dependências validadas com sucesso
[2025-07-01 16:52:22] [INFO] Configuração: HOST=0.0.0.0, PORT=8000, WORKERS=1, LOG_LEVEL=info
[2025-07-01 16:52:22] [INFO] Iniciando servidor FastAPI...
[2025-07-01 16:52:22] [INFO] Servidor iniciado com PID: 35
[2025-07-01 16:52:48] [INFO] Iniciando Godofreda API...
[2025-07-01 16:52:48] [INFO] Validando ambiente...
[2025-07-01 16:52:48] [INFO] Ambiente validado com sucesso
[2025-07-01 16:52:48] [INFO] Validando dependências...
[2025-07-01 16:52:49] [INFO] Dependências validadas com sucesso
[2025-07-01 16:52:49] [INFO] Configuração: HOST=0.0.0.0, PORT=8000, WORKERS=1, LOG_LEVEL=info
[2025-07-01 16:52:49] [INFO] Iniciando servidor FastAPI...
[2025-07-01 16:52:49] [INFO] Servidor iniciado com PID: 35
[2025-07-01 16:53:12] [INFO] Iniciando Godofreda API...
[2025-07-01 16:53:12] [INFO] Validando ambiente...
[2025-07-01 16:53:12] [INFO] Ambiente validado com sucesso
[2025-07-01 16:53:12] [INFO] Validando dependências...
[2025-07-01 16:53:13] [INFO] Dependências validadas com sucesso
[2025-07-01 16:53:13] [INFO] Configuração: HOST=0.0.0.0, PORT=8000, WORKERS=1, LOG_LEVEL=info
[2025-07-01 16:53:13] [INFO] Iniciando servidor FastAPI...
[2025-07-01 16:53:13] [INFO] Servidor iniciado com PID: 35
[2025-07-01 16:53:38] [INFO] Iniciando Godofreda API...
[2025-07-01 16:53:38] [INFO] Validando ambiente...
[2025-07-01 16:53:38] [INFO] Ambiente validado com sucesso
[2025-07-01 16:53:38] [INFO] Validando dependências...
[2025-07-01 16:53:39] [INFO] Dependências validadas com sucesso
[2025-07-01 16:53:39] [INFO] Configuração: HOST=0.0.0.0, PORT=8000, WORKERS=1, LOG_LEVEL=info
[2025-07-01 16:53:39] [INFO] Iniciando servidor FastAPI...
[2025-07-01 16:53:39] [INFO] Servidor iniciado com PID: 35
[2025-07-01 16:54:05] [INFO] Iniciando Godofreda API...
[2025-07-01 16:54:05] [INFO] Validando ambiente...
[2025-07-01 16:54:05] [INFO] Ambiente validado com sucesso
[2025-07-01 16:54:05] [INFO] Validando dependências...
[2025-07-01 16:54:06] [INFO] Dependências validadas com sucesso
[2025-07-01 16:54:06] [INFO] Configuração: HOST=0.0.0.0, PORT=8000, WORKERS=1, LOG_LEVEL=info
[2025-07-01 16:54:06] [INFO] Iniciando servidor FastAPI...
[2025-07-01 16:54:06] [INFO] Servidor iniciado com PID: 35
[2025-07-01 16:54:31] [INFO] Iniciando Godofreda API...
[2025-07-01 16:54:31] [INFO] Validando ambiente...
[2025-07-01 16:54:31] [INFO] Ambiente validado com sucesso
[2025-07-01 16:54:31] [INFO] Validando dependências...
[2025-07-01 16:54:32] [INFO] Dependências validadas com sucesso
[2025-07-01 16:54:32] [INFO] Configuração: HOST=0.0.0.0, PORT=8000, WORKERS=1, LOG_LEVEL=info
[2025-07-01 16:54:32] [INFO] Iniciando servidor FastAPI...
[2025-07-01 16:54:32] [INFO] Servidor iniciado com PID: 35
[2025-07-01 16:54:57] [INFO] Iniciando Godofreda API...
[2025-07-01 16:54:57] [INFO] Validando ambiente...
[2025-07-01 16:54:57] [INFO] Ambiente validado com sucesso
[2025-07-01 16:54:57] [INFO] Validando dependências...
[2025-07-01 16:54:59] [INFO] Dependências validadas com sucesso
[2025-07-01 16:54:59] [INFO] Configuração: HOST=0.0.0.0, PORT=8000, WORKERS=1, LOG_LEVEL=info
[2025-07-01 16:54:59] [INFO] Iniciando servidor FastAPI...
[2025-07-01 16:54:59] [INFO] Servidor iniciado com PID: 36
[2025-07-01 16:55:21] [INFO] Iniciando Godofreda API...
[2025-07-01 16:55:21] [INFO] Validando ambiente...
[2025-07-01 16:55:21] [INFO] Ambiente validado com sucesso
[2025-07-01 16:55:21] [INFO] Validando dependências...
[2025-07-01 16:55:22] [INFO] Dependências validadas com sucesso
[2025-07-01 16:55:22] [INFO] Configuração: HOST=0.0.0.0, PORT=8000, WORKERS=1, LOG_LEVEL=info
[2025-07-01 16:55:22] [INFO] Iniciando servidor FastAPI...
[2025-07-01 16:55:22] [INFO] Servidor iniciado com PID: 35
[2025-07-01 16:55:46] [INFO] Iniciando Godofreda API...
[2025-07-01 16:55:46] [INFO] Validando ambiente...
[2025-07-01 16:55:46] [INFO] Ambiente validado com sucesso
[2025-07-01 16:55:46] [INFO] Validando dependências...
[2025-07-01 16:55:47] [INFO] Dependências validadas com sucesso
[2025-07-01 16:55:47] [INFO] Configuração: HOST=0.0.0.0, PORT=8000, WORKERS=1, LOG_LEVEL=info
[2025-07-01 16:55:47] [INFO] Iniciando servidor FastAPI...
[2025-07-01 16:55:47] [INFO] Servidor iniciado com PID: 35
[2025-07-01 16:56:13] [INFO] Iniciando Godofreda API...
[2025-07-01 16:56:13] [INFO] Validando ambiente...
[2025-07-01 16:56:13] [INFO] Ambiente validado com sucesso
[2025-07-01 16:56:13] [INFO] Validando dependências...
[2025-07-01 16:56:15] [INFO] Dependências validadas com sucesso
[2025-07-01 16:56:15] [INFO] Configuração: HOST=0.0.0.0, PORT=8000, WORKERS=1, LOG_LEVEL=info
[2025-07-01 16:56:15] [INFO] Iniciando servidor FastAPI...
[2025-07-01 16:56:15] [INFO] Servidor iniciado com PID: 36
[2025-07-01 16:56:39] [INFO] Iniciando Godofreda API...
[2025-07-01 16:56:39] [INFO] Validando ambiente...
[2025-07-01 16:56:39] [INFO] Ambiente validado com sucesso
[2025-07-01 16:56:39] [INFO] Validando dependências...
[2025-07-01 16:56:40] [INFO] Dependências validadas com sucesso
[2025-07-01 16:56:40] [INFO] Configuração: HOST=0.0.0.0, PORT=8000, WORKERS=1, LOG_LEVEL=info
[2025-07-01 16:56:40] [INFO] Iniciando servidor FastAPI...
[2025-07-01 16:56:40] [INFO] Servidor iniciado com PID: 35
[2025-07-01 16:57:03] [INFO] Iniciando Godofreda API...
[2025-07-01 16:57:03] [INFO] Validando ambiente...
[2025-07-01 16:57:03] [INFO] Ambiente validado com sucesso
[2025-07-01 16:57:03] [INFO] Validando dependências...
[2025-07-01 16:57:04] [INFO] Dependências validadas com sucesso
[2025-07-01 16:57:04] [INFO] Configuração: HOST=0.0.0.0, PORT=8000, WORKERS=1, LOG_LEVEL=info
[2025-07-01 16:57:04] [INFO] Iniciando servidor FastAPI...
[2025-07-01 16:57:04] [INFO] Servidor iniciado com PID: 35
[2025-07-01 16:57:29] [INFO] Iniciando Godofreda API...
[2025-07-01 16:57:29] [INFO] Validando ambiente...
[2025-07-01 16:57:29] [INFO] Ambiente validado com sucesso
[2025-07-01 16:57:29] [INFO] Validando dependências...
[2025-07-01 16:57:30] [INFO] Dependências validadas com sucesso
[2025-07-01 16:57:30] [INFO] Configuração: HOST=0.0.0.0, PORT=8000, WORKERS=1, LOG_LEVEL=info
[2025-07-01 16:57:30] [INFO] Iniciando servidor FastAPI...
[2025-07-01 16:57:30] [INFO] Servidor iniciado com PID: 35
[2025-07-01 16:57:55] [INFO] Iniciando Godofreda API...
[2025-07-01 16:57:55] [INFO] Validando ambiente...
[2025-07-01 16:57:55] [INFO] Ambiente validado com sucesso
[2025-07-01 16:57:55] [INFO] Validando dependências...
[2025-07-01 16:57:56] [INFO] Dependências validadas com sucesso
[2025-07-01 16:57:56] [INFO] Configuração: HOST=0.0.0.0, PORT=8000, WORKERS=1, LOG_LEVEL=info
[2025-07-01 16:57:56] [INFO] Iniciando servidor FastAPI...
[2025-07-01 16:57:56] [INFO] Servidor iniciado com PID: 35
[2025-07-01 16:58:22] [INFO] Iniciando Godofreda API...
[2025-07-01 16:58:22] [INFO] Validando ambiente...
[2025-07-01 16:58:22] [INFO] Ambiente validado com sucesso
[2025-07-01 16:58:22] [INFO] Validando dependências...
[2025-07-01 16:58:23] [INFO] Dependências validadas com sucesso
[2025-07-01 16:58:23] [INFO] Configuração: HOST=0.0.0.0, PORT=8000, WORKERS=1, LOG_LEVEL=info
[2025-07-01 16:58:23] [INFO] Iniciando servidor FastAPI...
[2025-07-01 16:58:23] [INFO] Servidor iniciado com PID: 35
[2025-07-01 16:58:44] [INFO] Iniciando Godofreda API...
[2025-07-01 16:58:44] [INFO] Validando ambiente...
[2025-07-01 16:58:44] [INFO] Ambiente validado com sucesso
[2025-07-01 16:58:44] [INFO] Validando dependências...
[2025-07-01 16:58:45] [INFO] Dependências validadas com sucesso
[2025-07-01 16:58:45] [INFO] Configuração: HOST=0.0.0.0, PORT=8000, WORKERS=1, LOG_LEVEL=info
[2025-07-01 16:58:45] [INFO] Iniciando servidor FastAPI...
[2025-07-01 16:58:45] [INFO] Servidor iniciado com PID: 35
[2025-07-01 16:59:11] [INFO] Iniciando Godofreda API...
[2025-07-01 16:59:11] [INFO] Validando ambiente...
[2025-07-01 16:59:11] [INFO] Ambiente validado com sucesso
[2025-07-01 16:59:11] [INFO] Validando dependências...
[2025-07-01 16:59:12] [INFO] Dependências validadas com sucesso
[2025-07-01 16:59:12] [INFO] Configuração: HOST=0.0.0.0, PORT=8000, WORKERS=1, LOG_LEVEL=info
[2025-07-01 16:59:12] [INFO] Iniciando servidor FastAPI...
[2025-07-01 16:59:12] [INFO] Servidor iniciado com PID: 35
[2025-07-01 16:59:37] [INFO] Iniciando Godofreda API...
[2025-07-01 16:59:37] [INFO] Validando ambiente...
[2025-07-01 16:59:37] [INFO] Ambiente validado com sucesso
[2025-07-01 16:59:37] [INFO] Validando dependências...
[2025-07-01 16:59:38] [INFO] Dependências validadas com sucesso
[2025-07-01 16:59:38] [INFO] Configuração: HOST=0.0.0.0, PORT=8000, WORKERS=1, LOG_LEVEL=info
[2025-07-01 16:59:38] [INFO] Iniciando servidor FastAPI...
[2025-07-01 16:59:38] [INFO] Servidor iniciado com PID: 35
[2025-07-01 17:00:04] [INFO] Iniciando Godofreda API...
[2025-07-01 17:00:04] [INFO] Validando ambiente...
[2025-07-01 17:00:04] [INFO] Ambiente validado com sucesso
[2025-07-01 17:00:04] [INFO] Validando dependências...
[2025-07-01 17:00:05] [INFO] Dependências validadas com sucesso
[2025-07-01 17:00:05] [INFO] Configuração: HOST=0.0.0.0, PORT=8000, WORKERS=1, LOG_LEVEL=info
[2025-07-01 17:00:05] [INFO] Iniciando servidor FastAPI...
[2025-07-01 17:00:05] [INFO] Servidor iniciado com PID: 35
[2025-07-01 17:00:30] [INFO] Iniciando Godofreda API...
[2025-07-01 17:00:30] [INFO] Validando ambiente...
[2025-07-01 17:00:30] [INFO] Ambiente validado com sucesso
[2025-07-01 17:00:30] [INFO] Validando dependências...
[2025-07-01 17:00:31] [INFO] Dependências validadas com sucesso
[2025-07-01 17:00:31] [INFO] Configuração: HOST=0.0.0.0, PORT=8000, WORKERS=1, LOG_LEVEL=info
[2025-07-01 17:00:31] [INFO] Iniciando servidor FastAPI...
[2025-07-01 17:00:31] [INFO] Servidor iniciado com PID: 35
[2025-07-01 17:00:53] [INFO] Iniciando Godofreda API...
[2025-07-01 17:00:53] [INFO] Validando ambiente...
[2025-07-01 17:00:53] [INFO] Ambiente validado com sucesso
[2025-07-01 17:00:53] [INFO] Validando dependências...
[2025-07-01 17:00:54] [INFO] Dependências validadas com sucesso
[2025-07-01 17:00:54] [INFO] Configuração: HOST=0.0.0.0, PORT=8000, WORKERS=1, LOG_LEVEL=info
[2025-07-01 17:00:54] [INFO] Iniciando servidor FastAPI...
[2025-07-01 17:00:54] [INFO] Servidor iniciado com PID: 35
[2025-07-01 17:01:20] [INFO] Iniciando Godofreda API...
[2025-07-01 17:01:20] [INFO] Validando ambiente...
[2025-07-01 17:01:20] [INFO] Ambiente validado com sucesso
[2025-07-01 17:01:20] [INFO] Validando dependências...
[2025-07-01 17:01:21] [INFO] Dependências validadas com sucesso
[2025-07-01 17:01:21] [INFO] Configuração: HOST=0.0.0.0, PORT=8000, WORKERS=1, LOG_LEVEL=info
[2025-07-01 17:01:21] [INFO] Iniciando servidor FastAPI...
[2025-07-01 17:01:21] [INFO] Servidor iniciado com PID: 35
[2025-07-01 17:01:46] [INFO] Iniciando Godofreda API...
[2025-07-01 17:01:46] [INFO] Validando ambiente...
[2025-07-01 17:01:46] [INFO] Ambiente validado com sucesso
[2025-07-01 17:01:46] [INFO] Validando dependências...
[2025-07-01 17:01:47] [INFO] Dependências validadas com sucesso
[2025-07-01 17:01:47] [INFO] Configuração: HOST=0.0.0.0, PORT=8000, WORKERS=1, LOG_LEVEL=info
[2025-07-01 17:01:47] [INFO] Iniciando servidor FastAPI...
[2025-07-01 17:01:47] [INFO] Servidor iniciado com PID: 35
[2025-07-01 17:02:13] [INFO] Iniciando Godofreda API...
[2025-07-01 17:02:13] [INFO] Validando ambiente...
[2025-07-01 17:02:13] [INFO] Ambiente validado com sucesso
[2025-07-01 17:02:13] [INFO] Validando dependências...
[2025-07-01 17:02:14] [INFO] Dependências validadas com sucesso
[2025-07-01 17:02:14] [INFO] Configuração: HOST=0.0.0.0, PORT=8000, WORKERS=1, LOG_LEVEL=info
[2025-07-01 17:02:14] [INFO] Iniciando servidor FastAPI...
[2025-07-01 17:02:14] [INFO] Servidor iniciado com PID: 35
[2025-07-01 17:02:35] [INFO] Iniciando Godofreda API...
[2025-07-01 17:02:35] [INFO] Validando ambiente...
[2025-07-01 17:02:35] [INFO] Ambiente validado com sucesso
[2025-07-01 17:02:35] [INFO] Validando dependências...
[2025-07-01 17:02:36] [INFO] Dependências validadas com sucesso
[2025-07-01 17:02:36] [INFO] Configuração: HOST=0.0.0.0, PORT=8000, WORKERS=1, LOG_LEVEL=info
[2025-07-01 17:02:36] [INFO] Iniciando servidor FastAPI...
[2025-07-01 17:02:36] [INFO] Servidor iniciado com PID: 35
[2025-07-01 17:03:01] [INFO] Iniciando Godofreda API...
[2025-07-01 17:03:01] [INFO] Validando ambiente...
[2025-07-01 17:03:01] [INFO] Ambiente validado com sucesso
[2025-07-01 17:03:01] [INFO] Validando dependências...
[2025-07-01 17:03:03] [INFO] Dependências validadas com sucesso
[2025-07-01 17:03:03] [INFO] Configuração: HOST=0.0.0.0, PORT=8000, WORKERS=1, LOG_LEVEL=info
[2025-07-01 17:03:03] [INFO] Iniciando servidor FastAPI...
[2025-07-01 17:03:03] [INFO] Servidor iniciado com PID: 35
[2025-07-01 17:03:28] [INFO] Iniciando Godofreda API...
[2025-07-01 17:03:28] [INFO] Validando ambiente...
[2025-07-01 17:03:28] [INFO] Ambiente validado com sucesso
[2025-07-01 17:03:28] [INFO] Validando dependências...
[2025-07-01 17:03:29] [INFO] Dependências validadas com sucesso
[2025-07-01 17:03:29] [INFO] Configuração: HOST=0.0.0.0, PORT=8000, WORKERS=1, LOG_LEVEL=info
[2025-07-01 17:03:29] [INFO] Iniciando servidor FastAPI...
[2025-07-01 17:03:29] [INFO] Servidor iniciado com PID: 35
[2025-07-01 17:03:54] [INFO] Iniciando Godofreda API...
[2025-07-01 17:03:54] [INFO] Validando ambiente...
[2025-07-01 17:03:54] [INFO] Ambiente validado com sucesso
[2025-07-01 17:03:54] [INFO] Validando dependências...
[2025-07-01 17:03:55] [INFO] Dependências validadas com sucesso
[2025-07-01 17:03:55] [INFO] Configuração: HOST=0.0.0.0, PORT=8000, WORKERS=1, LOG_LEVEL=info
[2025-07-01 17:03:55] [INFO] Iniciando servidor FastAPI...
[2025-07-01 17:03:55] [INFO] Servidor iniciado com PID: 35
[2025-07-01 17:04:17] [INFO] Iniciando Godofreda API...
[2025-07-01 17:04:17] [INFO] Validando ambiente...
[2025-07-01 17:04:17] [INFO] Ambiente validado com sucesso
[2025-07-01 17:04:17] [INFO] Validando dependências...
[2025-07-01 17:04:18] [INFO] Dependências validadas com sucesso
[2025-07-01 17:04:18] [INFO] Configuração: HOST=0.0.0.0, PORT=8000, WORKERS=1, LOG_LEVEL=info
[2025-07-01 17:04:18] [INFO] Iniciando servidor FastAPI...
[2025-07-01 17:04:18] [INFO] Servidor iniciado com PID: 35
[2025-07-01 17:04:43] [INFO] Iniciando Godofreda API...
[2025-07-01 17:04:43] [INFO] Validando ambiente...
[2025-07-01 17:04:43] [INFO] Ambiente validado com sucesso
[2025-07-01 17:04:43] [INFO] Validando dependências...
[2025-07-01 17:04:44] [INFO] Dependências validadas com sucesso
[2025-07-01 17:04:44] [INFO] Configuração: HOST=0.0.0.0, PORT=8000, WORKERS=1, LOG_LEVEL=info
[2025-07-01 17:04:44] [INFO] Iniciando servidor FastAPI...
[2025-07-01 17:04:44] [INFO] Servidor iniciado com PID: 35
[2025-07-01 17:05:10] [INFO] Iniciando Godofreda API...
[2025-07-01 17:05:10] [INFO] Validando ambiente...
[2025-07-01 17:05:10] [INFO] Ambiente validado com sucesso
[2025-07-01 17:05:10] [INFO] Validando dependências...
[2025-07-01 17:05:11] [INFO] Dependências validadas com sucesso
[2025-07-01 17:05:11] [INFO] Configuração: HOST=0.0.0.0, PORT=8000, WORKERS=1, LOG_LEVEL=info
[2025-07-01 17:05:11] [INFO] Iniciando servidor FastAPI...
[2025-07-01 17:05:11] [INFO] Servidor iniciado com PID: 35
[2025-07-01 17:05:36] [INFO] Iniciando Godofreda API...
[2025-07-01 17:05:36] [INFO] Validando ambiente...
[2025-07-01 17:05:36] [INFO] Ambiente validado com sucesso
[2025-07-01 17:05:36] [INFO] Validando dependências...
[2025-07-01 17:05:37] [INFO] Dependências validadas com sucesso
[2025-07-01 17:05:37] [INFO] Configuração: HOST=0.0.0.0, PORT=8000, WORKERS=1, LOG_LEVEL=info
[2025-07-01 17:05:37] [INFO] Iniciando servidor FastAPI...
[2025-07-01 17:05:37] [INFO] Servidor iniciado com PID: 35
[2025-07-01 17:05:58] [INFO] Iniciando Godofreda API...
[2025-07-01 17:05:58] [INFO] Validando ambiente...
[2025-07-01 17:05:58] [INFO] Ambiente validado com sucesso
[2025-07-01 17:05:58] [INFO] Validando dependências...
[2025-07-01 17:05:59] [INFO] Dependências validadas com sucesso
[2025-07-01 17:05:59] [INFO] Configuração: HOST=0.0.0.0, PORT=8000, WORKERS=1, LOG_LEVEL=info
[2025-07-01 17:05:59] [INFO] Iniciando servidor FastAPI...
[2025-07-01 17:05:59] [INFO] Servidor iniciado com PID: 35
[2025-07-01 17:06:26] [INFO] Iniciando Godofreda API...
[2025-07-01 17:06:26] [INFO] Validando ambiente...
[2025-07-01 17:06:26] [INFO] Ambiente validado com sucesso
[2025-07-01 17:06:26] [INFO] Validando dependências...
[2025-07-01 17:06:27] [INFO] Dependências validadas com sucesso
[2025-07-01 17:06:27] [INFO] Configuração: HOST=0.0.0.0, PORT=8000, WORKERS=1, LOG_LEVEL=info
[2025-07-01 17:06:27] [INFO] Iniciando servidor FastAPI...
[2025-07-01 17:06:27] [INFO] Servidor iniciado com PID: 35
[2025-07-01 17:06:51] [INFO] Iniciando Godofreda API...
[2025-07-01 17:06:51] [INFO] Validando ambiente...
[2025-07-01 17:06:51] [INFO] Ambiente validado com sucesso
[2025-07-01 17:06:51] [INFO] Validando dependências...
[2025-07-01 17:06:53] [INFO] Dependências validadas com sucesso
[2025-07-01 17:06:53] [INFO] Configuração: HOST=0.0.0.0, PORT=8000, WORKERS=1, LOG_LEVEL=info
[2025-07-01 17:06:53] [INFO] Iniciando servidor FastAPI...
[2025-07-01 17:06:53] [INFO] Servidor iniciado com PID: 35
[2025-07-01 17:07:19] [INFO] Iniciando Godofreda API...
[2025-07-01 17:07:19] [INFO] Validando ambiente...
[2025-07-01 17:07:19] [INFO] Ambiente validado com sucesso
[2025-07-01 17:07:19] [INFO] Validando dependências...
[2025-07-01 17:07:20] [INFO] Dependências validadas com sucesso
[2025-07-01 17:07:20] [INFO] Configuração: HOST=0.0.0.0, PORT=8000, WORKERS=1, LOG_LEVEL=info
[2025-07-01 17:07:20] [INFO] Iniciando servidor FastAPI...
[2025-07-01 17:07:20] [INFO] Servidor iniciado com PID: 35
[2025-07-01 17:07:45] [INFO] Iniciando Godofreda API...
[2025-07-01 17:07:45] [INFO] Validando ambiente...
[2025-07-01 17:07:45] [INFO] Ambiente validado com sucesso
[2025-07-01 17:07:45] [INFO] Validando dependências...
[2025-07-01 17:07:46] [INFO] Dependências validadas com sucesso
[2025-07-01 17:07:46] [INFO] Configuração: HOST=0.0.0.0, PORT=8000, WORKERS=1, LOG_LEVEL=info
[2025-07-01 17:07:46] [INFO] Iniciando servidor FastAPI...
[2025-07-01 17:07:46] [INFO] Servidor iniciado com PID: 35
[2025-07-01 17:08:08] [INFO] Iniciando Godofreda API...
[2025-07-01 17:08:08] [INFO] Validando ambiente...
[2025-07-01 17:08:08] [INFO] Ambiente validado com sucesso
[2025-07-01 17:08:08] [INFO] Validando dependências...
[2025-07-01 17:08:09] [INFO] Dependências validadas com sucesso
[2025-07-01 17:08:09] [INFO] Configuração: HOST=0.0.0.0, PORT=8000, WORKERS=1, LOG_LEVEL=info
[2025-07-01 17:08:09] [INFO] Iniciando servidor FastAPI...
[2025-07-01 17:08:09] [INFO] Servidor iniciado com PID: 35
[2025-07-01 17:08:34] [INFO] Iniciando Godofreda API...
[2025-07-01 17:08:34] [INFO] Validando ambiente...
[2025-07-01 17:08:34] [INFO] Ambiente validado com sucesso
[2025-07-01 17:08:34] [INFO] Validando dependências...
[2025-07-01 17:08:35] [INFO] Dependências validadas com sucesso
[2025-07-01 17:08:35] [INFO] Configuração: HOST=0.0.0.0, PORT=8000, WORKERS=1, LOG_LEVEL=info
[2025-07-01 17:08:35] [INFO] Iniciando servidor FastAPI...
[2025-07-01 17:08:35] [INFO] Servidor iniciado com PID: 35
[2025-07-01 17:08:59] [INFO] Iniciando Godofreda API...
[2025-07-01 17:08:59] [INFO] Validando ambiente...
[2025-07-01 17:08:59] [INFO] Ambiente validado com sucesso
[2025-07-01 17:08:59] [INFO] Validando dependências...
[2025-07-01 17:09:01] [INFO] Dependências validadas com sucesso
[2025-07-01 17:09:01] [INFO] Configuração: HOST=0.0.0.0, PORT=8000, WORKERS=1, LOG_LEVEL=info
[2025-07-01 17:09:01] [INFO] Iniciando servidor FastAPI...
[2025-07-01 17:09:01] [INFO] Servidor iniciado com PID: 35
[2025-07-01 17:09:27] [INFO] Iniciando Godofreda API...
[2025-07-01 17:09:27] [INFO] Validando ambiente...
[2025-07-01 17:09:27] [INFO] Ambiente validado com sucesso
[2025-07-01 17:09:27] [INFO] Validando dependências...
[2025-07-01 17:09:28] [INFO] Dependências validadas com sucesso
[2025-07-01 17:09:28] [INFO] Configuração: HOST=0.0.0.0, PORT=8000, WORKERS=1, LOG_LEVEL=info
[2025-07-01 17:09:28] [INFO] Iniciando servidor FastAPI...
[2025-07-01 17:09:28] [INFO] Servidor iniciado com PID: 35
[2025-07-01 17:09:49] [INFO] Iniciando Godofreda API...
[2025-07-01 17:09:49] [INFO] Validando ambiente...
[2025-07-01 17:09:49] [INFO] Ambiente validado com sucesso
[2025-07-01 17:09:49] [INFO] Validando dependências...
[2025-07-01 17:09:50] [INFO] Dependências validadas com sucesso
[2025-07-01 17:09:50] [INFO] Configuração: HOST=0.0.0.0, PORT=8000, WORKERS=1, LOG_LEVEL=info
[2025-07-01 17:09:50] [INFO] Iniciando servidor FastAPI...
[2025-07-01 17:09:50] [INFO] Servidor iniciado com PID: 35
[2025-07-01 17:10:17] [INFO] Iniciando Godofreda API...
[2025-07-01 17:10:17] [INFO] Validando ambiente...
[2025-07-01 17:10:17] [INFO] Ambiente validado com sucesso
[2025-07-01 17:10:17] [INFO] Validando dependências...
[2025-07-01 17:10:18] [INFO] Dependências validadas com sucesso
[2025-07-01 17:10:18] [INFO] Configuração: HOST=0.0.0.0, PORT=8000, WORKERS=1, LOG_LEVEL=info
[2025-07-01 17:10:18] [INFO] Iniciando servidor FastAPI...
[2025-07-01 17:10:18] [INFO] Servidor iniciado com PID: 35
[2025-07-01 17:10:43] [INFO] Iniciando Godofreda API...
[2025-07-01 17:10:43] [INFO] Validando ambiente...
[2025-07-01 17:10:43] [INFO] Ambiente validado com sucesso
[2025-07-01 17:10:43] [INFO] Validando dependências...
[2025-07-01 17:10:44] [INFO] Dependências validadas com sucesso
[2025-07-01 17:10:44] [INFO] Configuração: HOST=0.0.0.0, PORT=8000, WORKERS=1, LOG_LEVEL=info
[2025-07-01 17:10:44] [INFO] Iniciando servidor FastAPI...
[2025-07-01 17:10:44] [INFO] Servidor iniciado com PID: 35
[2025-07-01 17:11:09] [INFO] Iniciando Godofreda API...
[2025-07-01 17:11:09] [INFO] Validando ambiente...
[2025-07-01 17:11:09] [INFO] Ambiente validado com sucesso
[2025-07-01 17:11:09] [INFO] Validando dependências...
[2025-07-01 17:11:11] [INFO] Dependências validadas com sucesso
[2025-07-01 17:11:11] [INFO] Configuração: HOST=0.0.0.0, PORT=8000, WORKERS=1, LOG_LEVEL=info
[2025-07-01 17:11:11] [INFO] Iniciando servidor FastAPI...
[2025-07-01 17:11:11] [INFO] Servidor iniciado com PID: 35
[2025-07-01 17:11:33] [INFO] Iniciando Godofreda API...
[2025-07-01 17:11:33] [INFO] Validando ambiente...
[2025-07-01 17:11:33] [INFO] Ambiente validado com sucesso
[2025-07-01 17:11:33] [INFO] Validando dependências...
[2025-07-01 17:11:37] [INFO] Dependências validadas com sucesso
[2025-07-01 17:11:37] [INFO] Configuração: HOST=0.0.0.0, PORT=8000, WORKERS=1, LOG_LEVEL=info
[2025-07-01 17:11:37] [INFO] Iniciando servidor FastAPI...
[2025-07-01 17:11:37] [INFO] Servidor iniciado com PID: 35
[2025-07-01 17:11:58] [INFO] Iniciando Godofreda API...
[2025-07-01 17:11:58] [INFO] Validando ambiente...
[2025-07-01 17:11:58] [INFO] Ambiente validado com sucesso
[2025-07-01 17:11:58] [INFO] Validando dependências...
[2025-07-01 17:12:00] [INFO] Dependências validadas com sucesso
[2025-07-01 17:12:00] [INFO] Configuração: HOST=0.0.0.0, PORT=8000, WORKERS=1, LOG_LEVEL=info
[2025-07-01 17:12:00] [INFO] Iniciando servidor FastAPI...
[2025-07-01 17:12:00] [INFO] Servidor iniciado com PID: 35
[2025-07-01 17:12:26] [INFO] Iniciando Godofreda API...
[2025-07-01 17:12:26] [INFO] Validando ambiente...
[2025-07-01 17:12:26] [INFO] Ambiente validado com sucesso
[2025-07-01 17:12:26] [INFO] Validando dependências...
[2025-07-01 17:12:27] [INFO] Dependências validadas com sucesso
[2025-07-01 17:12:27] [INFO] Configuração: HOST=0.0.0.0, PORT=8000, WORKERS=1, LOG_LEVEL=info
[2025-07-01 17:12:27] [INFO] Iniciando servidor FastAPI...
[2025-07-01 17:12:27] [INFO] Servidor iniciado com PID: 35
[2025-07-01 17:12:52] [INFO] Iniciando Godofreda API...
[2025-07-01 17:12:52] [INFO] Validando ambiente...
[2025-07-01 17:12:52] [INFO] Ambiente validado com sucesso
[2025-07-01 17:12:52] [INFO] Validando dependências...
[2025-07-01 17:12:53] [INFO] Dependências validadas com sucesso
[2025-07-01 17:12:53] [INFO] Configuração: HOST=0.0.0.0, PORT=8000, WORKERS=1, LOG_LEVEL=info
[2025-07-01 17:12:53] [INFO] Iniciando servidor FastAPI...
[2025-07-01 17:12:53] [INFO] Servidor iniciado com PID: 35
[2025-07-01 17:13:23] [INFO] Iniciando Godofreda API...
[2025-07-01 17:13:23] [INFO] Validando ambiente...
[2025-07-01 17:13:23] [INFO] Ambiente validado com sucesso
[2025-07-01 17:13:23] [INFO] Validando dependências...
[2025-07-01 17:13:25] [INFO] Dependências validadas com sucesso
[2025-07-01 17:13:25] [INFO] Configuração: HOST=0.0.0.0, PORT=8000, WORKERS=1, LOG_LEVEL=info
[2025-07-01 17:13:25] [INFO] Iniciando servidor FastAPI...
[2025-07-01 17:13:25] [INFO] Servidor iniciado com PID: 35
[2025-07-01 17:14:01] [INFO] Iniciando Godofreda API...
[2025-07-01 17:14:01] [INFO] Validando ambiente...
[2025-07-01 17:14:01] [INFO] Ambiente validado com sucesso
[2025-07-01 17:14:01] [INFO] Validando dependências...
[2025-07-01 17:14:03] [INFO] Dependências validadas com sucesso
[2025-07-01 17:14:03] [INFO] Configuração: HOST=0.0.0.0, PORT=8000, WORKERS=1, LOG_LEVEL=info
[2025-07-01 17:14:03] [INFO] Iniciando servidor FastAPI...
[2025-07-01 17:14:03] [INFO] Servidor iniciado com PID: 34
[2025-07-01 17:14:28] [INFO] Recebido sinal de shutdown, finalizando graciosamente...
[2025-07-01 17:14:28] [INFO] Parando servidor (PID: 34)...
[2025-07-01 17:14:30] [INFO] Iniciando Godofreda API...
[2025-07-01 17:14:30] [INFO] Validando ambiente...
[2025-07-01 17:14:30] [INFO] Ambiente validado com sucesso
[2025-07-01 17:14:30] [INFO] Validando dependências...
[2025-07-01 17:14:32] [INFO] Dependências validadas com sucesso
[2025-07-01 17:14:32] [INFO] Configuração: HOST=0.0.0.0, PORT=8000, WORKERS=1, LOG_LEVEL=info
[2025-07-01 17:14:32] [INFO] Iniciando servidor FastAPI...
[2025-07-01 17:14:32] [INFO] Servidor iniciado com PID: 35
[2025-07-01 17:15:08] [INFO] Iniciando Godofreda API...
[2025-07-01 17:15:08] [INFO] Validando ambiente...
[2025-07-01 17:15:08] [INFO] Ambiente validado com sucesso
[2025-07-01 17:15:08] [INFO] Validando dependências...
[2025-07-01 17:15:10] [INFO] Dependências validadas com sucesso
[2025-07-01 17:15:10] [INFO] Configuração: HOST=0.0.0.0, PORT=8000, WORKERS=1, LOG_LEVEL=info
[2025-07-01 17:15:10] [INFO] Iniciando servidor FastAPI...
[2025-07-01 17:15:10] [INFO] Servidor iniciado com PID: 35
[2025-07-01 17:18:19] [INFO] Recebido sinal de shutdown, finalizando graciosamente...
[2025-07-01 17:18:19] [INFO] Parando servidor (PID: 35)...
